Using pre-set license
Built from '2020.2/release' branch; Version is '2020.2.1f1 (270dd8c3da1c) revision 2559448'; Using compiler version '192528614'; Build Type 'Release'
OS: 'Windows 10  (10.0.0) 64bit' Language: 'en' Physical Memory: 16196 MB
BatchMode: 1, IsHumanControllingUs: 0, StartBugReporterOnCrash: 0, Is64bit: 1, IsPro: 0

 COMMAND LINE ARGUMENTS:
C:\Program Files\Unity\Hub\Editor\2020.2.1f1\Editor\Unity.exe
-adb2
-batchMode
-noUpm
-name
AssetImportWorker0
-projectPath
C:/Education/beatSlasherRepo/BeatSlasher/Beat Slasher
-logFile
Logs/AssetImportWorker0.log
-srvPort
59642
Successfully changed project path to: C:/Education/beatSlasherRepo/BeatSlasher/Beat Slasher
C:/Education/beatSlasherRepo/BeatSlasher/Beat Slasher
Using Asset Import Pipeline V2.
Refreshing native plugins compatible for Editor in 25.68 ms, found 0 plugins.
Preloading 0 native plugins for Editor in 0.00 ms.
Initialize engine version: 2020.2.1f1 (270dd8c3da1c)
[Subsystems] Discovering subsystems at path C:/Program Files/Unity/Hub/Editor/2020.2.1f1/Editor/Data/Resources/UnitySubsystems
[Subsystems] Discovering subsystems at path C:/Education/beatSlasherRepo/BeatSlasher/Beat Slasher/Assets
GfxDevice: creating device client; threaded=0
Direct3D:
    Version:  Direct3D 11.0 [level 11.1]
    Renderer: NVIDIA GeForce GTX 1660 Ti (ID=0x2191)
    Vendor:   
    VRAM:     5991 MB
    Driver:   27.21.14.6231
Initialize mono
Mono path[0] = 'C:/Program Files/Unity/Hub/Editor/2020.2.1f1/Editor/Data/Managed'
Mono path[1] = 'C:/Program Files/Unity/Hub/Editor/2020.2.1f1/Editor/Data/MonoBleedingEdge/lib/mono/unityjit'
Mono config path = 'C:/Program Files/Unity/Hub/Editor/2020.2.1f1/Editor/Data/MonoBleedingEdge/etc'
Using monoOptions --debugger-agent=transport=dt_socket,embedding=1,server=y,suspend=n,address=127.0.0.1:56644
Begin MonoManager ReloadAssembly
Registering precompiled unity dll's ...
Register platform support module: C:/Program Files/Unity/Hub/Editor/2020.2.1f1/Editor/Data/PlaybackEngines/MacStandaloneSupport/UnityEditor.OSXStandalone.Extensions.dll
Register platform support module: C:/Program Files/Unity/Hub/Editor/2020.2.1f1/Editor/Data/PlaybackEngines/WindowsStandaloneSupport/UnityEditor.WindowsStandalone.Extensions.dll
Register platform support module: C:/Program Files/Unity/Hub/Editor/2020.2.1f1/Editor/Data/PlaybackEngines/LuminSupport/UnityEditor.Lumin.Extensions.dll
Registered in 0.002568 seconds.
Native extension for Lumin target not found
Native extension for WindowsStandalone target not found
Native extension for OSXStandalone target not found
Refreshing native plugins compatible for Editor in 24.46 ms, found 0 plugins.
Preloading 0 native plugins for Editor in 0.00 ms.
Invoked RoslynAnalysisRunner static constructor.
RoslynAnalysisRunner will not be running.
RoslynAnalysisRunner has terminated.
Mono: successfully reloaded assembly
- Completed reload, in  2.060 seconds
Platform modules already initialized, skipping
Registering precompiled user dll's ...
Registered in 0.000680 seconds.
Begin MonoManager ReloadAssembly
Native extension for Lumin target not found
Native extension for WindowsStandalone target not found
Native extension for OSXStandalone target not found
Refreshing native plugins compatible for Editor in 0.21 ms, found 0 plugins.
Preloading 0 native plugins for Editor in 0.00 ms.
Invoked RoslynAnalysisRunner static constructor.
RoslynAnalysisRunner will not be running.
RoslynAnalysisRunner has terminated.
Mono: successfully reloaded assembly
- Completed reload, in  0.791 seconds
Platform modules already initialized, skipping
========================================================================
Worker process is ready to serve import requests
Launched and connected shader compiler UnityShaderCompiler.exe after 0.03 seconds
Refreshing native plugins compatible for Editor in 0.36 ms, found 0 plugins.
Preloading 0 native plugins for Editor in 0.00 ms.
Unloading 1147 Unused Serialized files (Serialized files now loaded: 0)
System memory in use before: 78.1 MB.
System memory in use after: 78.2 MB.

Unloading 8 unused Assets to reduce memory usage. Loaded Objects now: 1610.
Total: 1.829800 ms (FindLiveObjects: 0.439700 ms CreateObjectMapping: 0.080600 ms MarkObjects: 1.291900 ms  DeleteObjects: 0.016200 ms)

========================================================================
Received Import Request.
  path: Assets/Editor/com.unity.mobile.notifications
  artifactKey: Guid(8d94ea3741ad8d344a76cca0aa62f67e) Importer(815301076,1909f56bfc062723c751e8b465ee728b)
Start importing Assets/Editor/com.unity.mobile.notifications using Guid(8d94ea3741ad8d344a76cca0aa62f67e) Importer(815301076,1909f56bfc062723c751e8b465ee728b)  -> (artifact id: 'd05164319a8845e9df00df1d2bbd7b84') in 0.010076 seconds
  Import took 0.012166 seconds .

========================================================================
Received Import Request.
  Time since last request: 0.000607 seconds.
  path: Assets/Editor/com.unity.mobile.notifications/NotificationSettings.asset
  artifactKey: Guid(4cee8bca36f2ab74b8feb832747fa6f4) Importer(815301076,1909f56bfc062723c751e8b465ee728b)
Start importing Assets/Editor/com.unity.mobile.notifications/NotificationSettings.asset using Guid(4cee8bca36f2ab74b8feb832747fa6f4) Importer(815301076,1909f56bfc062723c751e8b465ee728b)  -> (artifact id: '9e49edbc7e2b4b91c3cdea6f03508e6e') in 0.052485 seconds
  Import took 0.054180 seconds .

========================================================================
Received Import Request.
  Time since last request: 0.000192 seconds.
  path: Assets/Editor
  artifactKey: Guid(d98ad1674ee8d5040ad22d07feddcab5) Importer(815301076,1909f56bfc062723c751e8b465ee728b)
Start importing Assets/Editor using Guid(d98ad1674ee8d5040ad22d07feddcab5) Importer(815301076,1909f56bfc062723c751e8b465ee728b)  -> (artifact id: '7f7bee6f067adbc59194711af666d633') in 0.027704 seconds
  Import took 0.029267 seconds .

========================================================================
Received Import Request.
  Time since last request: 0.684411 seconds.
  path: Assets/Prefabs
  artifactKey: Guid(99c59a01caa0aff4e843afc01fa93009) Importer(815301076,1909f56bfc062723c751e8b465ee728b)
Start importing Assets/Prefabs using Guid(99c59a01caa0aff4e843afc01fa93009) Importer(815301076,1909f56bfc062723c751e8b465ee728b)  -> (artifact id: 'b39fed62a9468fcd83609277fcb5c2e0') in 0.005666 seconds
  Import took 0.007371 seconds .

========================================================================
Received Import Request.
  Time since last request: 0.000528 seconds.
  path: Assets/Prefabs
  artifactKey: Guid(99c59a01caa0aff4e843afc01fa93009) Importer(815301076,1909f56bfc062723c751e8b465ee728b)
Start importing Assets/Prefabs using Guid(99c59a01caa0aff4e843afc01fa93009) Importer(815301076,1909f56bfc062723c751e8b465ee728b)  -> (artifact id: 'b39fed62a9468fcd83609277fcb5c2e0') in 0.001889 seconds
  Import took 0.003470 seconds .

========================================================================
Received Import Request.
  Time since last request: 0.050138 seconds.
  path: Assets/Prefabs/ShurikenPrefab.prefab
  artifactKey: Guid(9a222a0d850efbc48897a9d4154eba7b) Importer(815301076,1909f56bfc062723c751e8b465ee728b)
Start importing Assets/Prefabs/ShurikenPrefab.prefab using Guid(9a222a0d850efbc48897a9d4154eba7b) Importer(815301076,1909f56bfc062723c751e8b465ee728b)  -> (artifact id: '9cbed5350d7b77b0146151cfb5238cc0') in 0.091054 seconds
  Import took 0.092889 seconds .

========================================================================
Received Import Request.
  Time since last request: 2.794226 seconds.
  path: Assets/scripts
  artifactKey: Guid(1e24a425974868144aac8c7fa5aee244) Importer(815301076,1909f56bfc062723c751e8b465ee728b)
Start importing Assets/scripts using Guid(1e24a425974868144aac8c7fa5aee244) Importer(815301076,1909f56bfc062723c751e8b465ee728b)  -> (artifact id: '07a2c9003080ac3f0cd6fc69181de1da') in 0.016776 seconds
  Import took 0.018853 seconds .

========================================================================
Received Prepare
Registering precompiled user dll's ...
Registered in 0.000676 seconds.
Begin MonoManager ReloadAssembly
Native extension for Lumin target not found
Native extension for WindowsStandalone target not found
Native extension for OSXStandalone target not found
Refreshing native plugins compatible for Editor in 0.23 ms, found 0 plugins.
Preloading 0 native plugins for Editor in 0.00 ms.
Invoked RoslynAnalysisRunner static constructor.
RoslynAnalysisRunner will not be running.
RoslynAnalysisRunner has terminated.
Mono: successfully reloaded assembly
- Completed reload, in  0.952 seconds
Platform modules already initialized, skipping
Refreshing native plugins compatible for Editor in 0.20 ms, found 0 plugins.
Preloading 0 native plugins for Editor in 0.00 ms.
Unloading 1130 Unused Serialized files (Serialized files now loaded: 0)
System memory in use before: 80.0 MB.
System memory in use after: 80.1 MB.

Unloading 4 unused Assets to reduce memory usage. Loaded Objects now: 1619.
Total: 1.429200 ms (FindLiveObjects: 0.124500 ms CreateObjectMapping: 0.031800 ms MarkObjects: 1.261500 ms  DeleteObjects: 0.010700 ms)

========================================================================
Received Prepare
Registering precompiled user dll's ...
Registered in 0.000688 seconds.
Begin MonoManager ReloadAssembly
Native extension for Lumin target not found
Native extension for WindowsStandalone target not found
Native extension for OSXStandalone target not found
Refreshing native plugins compatible for Editor in 0.20 ms, found 0 plugins.
Preloading 0 native plugins for Editor in 0.00 ms.
Invoked RoslynAnalysisRunner static constructor.
RoslynAnalysisRunner will not be running.
RoslynAnalysisRunner has terminated.
Mono: successfully reloaded assembly
- Completed reload, in  0.751 seconds
Platform modules already initialized, skipping
Refreshing native plugins compatible for Editor in 0.20 ms, found 0 plugins.
Preloading 0 native plugins for Editor in 0.00 ms.
Unloading 1131 Unused Serialized files (Serialized files now loaded: 0)
System memory in use before: 80.2 MB.
System memory in use after: 80.3 MB.

Unloading 4 unused Assets to reduce memory usage. Loaded Objects now: 1621.
Total: 1.473400 ms (FindLiveObjects: 0.127300 ms CreateObjectMapping: 0.034400 ms MarkObjects: 1.300200 ms  DeleteObjects: 0.010900 ms)

========================================================================
Received Prepare
Registering precompiled user dll's ...
Registered in 0.000654 seconds.
Begin MonoManager ReloadAssembly
Native extension for Lumin target not found
Native extension for WindowsStandalone target not found
Native extension for OSXStandalone target not found
Refreshing native plugins compatible for Editor in 0.21 ms, found 0 plugins.
Preloading 0 native plugins for Editor in 0.00 ms.
Invoked RoslynAnalysisRunner static constructor.
RoslynAnalysisRunner will not be running.
RoslynAnalysisRunner has terminated.
Mono: successfully reloaded assembly
- Completed reload, in  0.759 seconds
Platform modules already initialized, skipping
Refreshing native plugins compatible for Editor in 0.20 ms, found 0 plugins.
Preloading 0 native plugins for Editor in 0.00 ms.
Unloading 1130 Unused Serialized files (Serialized files now loaded: 0)
System memory in use before: 80.3 MB.
System memory in use after: 80.4 MB.

Unloading 4 unused Assets to reduce memory usage. Loaded Objects now: 1623.
Total: 1.332300 ms (FindLiveObjects: 0.117500 ms CreateObjectMapping: 0.036100 ms MarkObjects: 1.167200 ms  DeleteObjects: 0.010500 ms)

========================================================================
Received Prepare
Registering precompiled user dll's ...
Registered in 0.000588 seconds.
Begin MonoManager ReloadAssembly
Native extension for Lumin target not found
Native extension for WindowsStandalone target not found
Native extension for OSXStandalone target not found
Refreshing native plugins compatible for Editor in 0.20 ms, found 0 plugins.
Preloading 0 native plugins for Editor in 0.00 ms.
Invoked RoslynAnalysisRunner static constructor.
RoslynAnalysisRunner will not be running.
RoslynAnalysisRunner has terminated.
Mono: successfully reloaded assembly
- Completed reload, in  0.770 seconds
Platform modules already initialized, skipping
Refreshing native plugins compatible for Editor in 0.21 ms, found 0 plugins.
Preloading 0 native plugins for Editor in 0.00 ms.
Unloading 1130 Unused Serialized files (Serialized files now loaded: 0)
System memory in use before: 80.4 MB.
System memory in use after: 80.5 MB.

Unloading 4 unused Assets to reduce memory usage. Loaded Objects now: 1625.
Total: 1.467000 ms (FindLiveObjects: 0.132500 ms CreateObjectMapping: 0.032100 ms MarkObjects: 1.289600 ms  DeleteObjects: 0.012000 ms)

========================================================================
Received Prepare
Registering precompiled user dll's ...
Registered in 0.000652 seconds.
Begin MonoManager ReloadAssembly
Native extension for Lumin target not found
Native extension for WindowsStandalone target not found
Native extension for OSXStandalone target not found
Refreshing native plugins compatible for Editor in 0.20 ms, found 0 plugins.
Preloading 0 native plugins for Editor in 0.00 ms.
Invoked RoslynAnalysisRunner static constructor.
RoslynAnalysisRunner will not be running.
RoslynAnalysisRunner has terminated.
Mono: successfully reloaded assembly
- Completed reload, in  0.760 seconds
Platform modules already initialized, skipping
Refreshing native plugins compatible for Editor in 0.45 ms, found 0 plugins.
Preloading 0 native plugins for Editor in 0.00 ms.
Unloading 1130 Unused Serialized files (Serialized files now loaded: 0)
System memory in use before: 80.5 MB.
System memory in use after: 80.6 MB.

Unloading 4 unused Assets to reduce memory usage. Loaded Objects now: 1627.
Total: 1.600200 ms (FindLiveObjects: 0.156300 ms CreateObjectMapping: 0.035800 ms MarkObjects: 1.396700 ms  DeleteObjects: 0.010500 ms)

========================================================================
Received Prepare
Registering precompiled user dll's ...
Registered in 0.000671 seconds.
Begin MonoManager ReloadAssembly
Native extension for Lumin target not found
Native extension for WindowsStandalone target not found
Native extension for OSXStandalone target not found
Refreshing native plugins compatible for Editor in 0.20 ms, found 0 plugins.
Preloading 0 native plugins for Editor in 0.00 ms.
Invoked RoslynAnalysisRunner static constructor.
RoslynAnalysisRunner will not be running.
RoslynAnalysisRunner has terminated.
Mono: successfully reloaded assembly
- Completed reload, in  0.763 seconds
Platform modules already initialized, skipping
Refreshing native plugins compatible for Editor in 0.20 ms, found 0 plugins.
Preloading 0 native plugins for Editor in 0.00 ms.
Unloading 1130 Unused Serialized files (Serialized files now loaded: 0)
System memory in use before: 80.6 MB.
System memory in use after: 80.7 MB.

Unloading 4 unused Assets to reduce memory usage. Loaded Objects now: 1629.
Total: 1.389500 ms (FindLiveObjects: 0.138300 ms CreateObjectMapping: 0.035000 ms MarkObjects: 1.201200 ms  DeleteObjects: 0.014400 ms)

========================================================================
Received Prepare
Registering precompiled user dll's ...
Registered in 0.000571 seconds.
Begin MonoManager ReloadAssembly
Native extension for Lumin target not found
Native extension for WindowsStandalone target not found
Native extension for OSXStandalone target not found
Refreshing native plugins compatible for Editor in 0.20 ms, found 0 plugins.
Preloading 0 native plugins for Editor in 0.00 ms.
Invoked RoslynAnalysisRunner static constructor.
RoslynAnalysisRunner will not be running.
RoslynAnalysisRunner has terminated.
Mono: successfully reloaded assembly
- Completed reload, in  0.779 seconds
Platform modules already initialized, skipping
Refreshing native plugins compatible for Editor in 0.20 ms, found 0 plugins.
Preloading 0 native plugins for Editor in 0.00 ms.
Unloading 1130 Unused Serialized files (Serialized files now loaded: 0)
System memory in use before: 80.7 MB.
System memory in use after: 80.8 MB.

Unloading 4 unused Assets to reduce memory usage. Loaded Objects now: 1631.
Total: 1.611300 ms (FindLiveObjects: 0.201400 ms CreateObjectMapping: 0.074500 ms MarkObjects: 1.321000 ms  DeleteObjects: 0.012600 ms)

========================================================================
Received Prepare
Registering precompiled user dll's ...
Registered in 0.000584 seconds.
Begin MonoManager ReloadAssembly
Native extension for Lumin target not found
Native extension for WindowsStandalone target not found
Native extension for OSXStandalone target not found
Refreshing native plugins compatible for Editor in 0.22 ms, found 0 plugins.
Preloading 0 native plugins for Editor in 0.00 ms.
Invoked RoslynAnalysisRunner static constructor.
RoslynAnalysisRunner will not be running.
RoslynAnalysisRunner has terminated.
Mono: successfully reloaded assembly
- Completed reload, in  0.807 seconds
Platform modules already initialized, skipping
Refreshing native plugins compatible for Editor in 0.20 ms, found 0 plugins.
Preloading 0 native plugins for Editor in 0.00 ms.
Unloading 1130 Unused Serialized files (Serialized files now loaded: 0)
System memory in use before: 80.8 MB.
System memory in use after: 80.9 MB.

Unloading 4 unused Assets to reduce memory usage. Loaded Objects now: 1633.
Total: 1.473900 ms (FindLiveObjects: 0.185800 ms CreateObjectMapping: 0.060300 ms MarkObjects: 1.214700 ms  DeleteObjects: 0.011900 ms)

========================================================================
Received Import Request.
  Time since last request: 1308.616268 seconds.
  path: Assets/Scenes/SampleScene.unity
  artifactKey: Guid(2cda990e2423bbf4892e6590ba056729) Importer(815301076,1909f56bfc062723c751e8b465ee728b)
Start importing Assets/Scenes/SampleScene.unity using Guid(2cda990e2423bbf4892e6590ba056729) Importer(815301076,1909f56bfc062723c751e8b465ee728b)  -> (artifact id: 'ff2e0b5330cdec8ea84d84515bd0f30d') in 0.014058 seconds
  Import took 0.016217 seconds .

========================================================================
Received Import Request.
  Time since last request: 9.166710 seconds.
  path: Assets/sprites/Beatz
  artifactKey: Guid(c8310cc80f50f334497f6c67ccc297f8) Importer(815301076,1909f56bfc062723c751e8b465ee728b)
Start importing Assets/sprites/Beatz using Guid(c8310cc80f50f334497f6c67ccc297f8) Importer(815301076,1909f56bfc062723c751e8b465ee728b)  -> (artifact id: 'b56559aa7321ab38f2cdca43b6e012b5') in 0.006028 seconds
  Import took 0.008128 seconds .

========================================================================
Received Import Request.
  Time since last request: 0.031172 seconds.
  path: Assets/sprites/Beatz/blueGalaxy.png
  artifactKey: Guid(f5041a01ee9bba741a9fce214dc3e5de) Importer(815301076,1909f56bfc062723c751e8b465ee728b)
Start importing Assets/sprites/Beatz/blueGalaxy.png using Guid(f5041a01ee9bba741a9fce214dc3e5de) Importer(815301076,1909f56bfc062723c751e8b465ee728b)  -> (artifact id: 'f1d54940fe0eaa23d16f9183d13cc2ea') in 0.113437 seconds
  Import took 0.115201 seconds .

========================================================================
Received Import Request.
  Time since last request: 0.000184 seconds.
  path: Assets/sprites/Beatz/SwingDownLeft.png
  artifactKey: Guid(e51ff19cb53e7c04ebf3fd7e65691501) Importer(815301076,1909f56bfc062723c751e8b465ee728b)
Start importing Assets/sprites/Beatz/SwingDownLeft.png using Guid(e51ff19cb53e7c04ebf3fd7e65691501) Importer(815301076,1909f56bfc062723c751e8b465ee728b)  -> (artifact id: 'a62ba62d25ceec672fd42bc1a3ba7820') in 0.034204 seconds
  Import took 0.035959 seconds .

========================================================================
Received Import Request.
  Time since last request: 0.000173 seconds.
  path: Assets/sprites/Beatz/SwingTopLeft.png
  artifactKey: Guid(173e33afce50fe74da302a8922516f6a) Importer(815301076,1909f56bfc062723c751e8b465ee728b)
Start importing Assets/sprites/Beatz/SwingTopLeft.png using Guid(173e33afce50fe74da302a8922516f6a) Importer(815301076,1909f56bfc062723c751e8b465ee728b)  -> (artifact id: 'c3f9f2fafd9f265748908b69ceae7d14') in 0.025575 seconds
  Import took 0.027583 seconds .

========================================================================
Received Import Request.
  Time since last request: 0.000193 seconds.
  path: Assets/sprites/Beatz/path.png
  artifactKey: Guid(f9d205141339ed34883fbac6ad49d4f8) Importer(815301076,1909f56bfc062723c751e8b465ee728b)
Start importing Assets/sprites/Beatz/path.png using Guid(f9d205141339ed34883fbac6ad49d4f8) Importer(815301076,1909f56bfc062723c751e8b465ee728b)  -> (artifact id: '86fd2441ddf1a6904de2269a0753fc34') in 0.029180 seconds
  Import took 0.031440 seconds .

========================================================================
Received Import Request.
  Time since last request: 0.000425 seconds.
  path: Assets/sprites/Beatz/SwingRight.png
  artifactKey: Guid(1292ad5271d2e4a4083634348de3bd3f) Importer(815301076,1909f56bfc062723c751e8b465ee728b)
Start importing Assets/sprites/Beatz/SwingRight.png using Guid(1292ad5271d2e4a4083634348de3bd3f) Importer(815301076,1909f56bfc062723c751e8b465ee728b)  -> (artifact id: '7db6d03c6d2c46817c44f0aa0f371394') in 0.033317 seconds
  Import took 0.035242 seconds .

========================================================================
Received Import Request.
  Time since last request: 0.000176 seconds.
  path: Assets/sprites/Beatz/SwingTopRight.png
  artifactKey: Guid(99c4760d92771734096931ad2fcbd41f) Importer(815301076,1909f56bfc062723c751e8b465ee728b)
Start importing Assets/sprites/Beatz/SwingTopRight.png using Guid(99c4760d92771734096931ad2fcbd41f) Importer(815301076,1909f56bfc062723c751e8b465ee728b)  -> (artifact id: '7d629afb41850161736031bac8e47372') in 0.026029 seconds
  Import took 0.027848 seconds .

========================================================================
Received Import Request.
  Time since last request: 0.000193 seconds.
  path: Assets/sprites/Beatz/shuriken.png
  artifactKey: Guid(d0b31a15ebb2f9f41902ccb60ecf1af6) Importer(815301076,1909f56bfc062723c751e8b465ee728b)
Start importing Assets/sprites/Beatz/shuriken.png using Guid(d0b31a15ebb2f9f41902ccb60ecf1af6) Importer(815301076,1909f56bfc062723c751e8b465ee728b)  -> (artifact id: 'fcc62cd0560d2d2cf39e1250323ecae7') in 0.018919 seconds
  Import took 0.020602 seconds .

========================================================================
Received Import Request.
  Time since last request: 0.000184 seconds.
  path: Assets/sprites/Beatz/SwingLeft.png
  artifactKey: Guid(23bb4266cf8b1b34786e8740d1a4ab4c) Importer(815301076,1909f56bfc062723c751e8b465ee728b)
Start importing Assets/sprites/Beatz/SwingLeft.png using Guid(23bb4266cf8b1b34786e8740d1a4ab4c) Importer(815301076,1909f56bfc062723c751e8b465ee728b)  -> (artifact id: 'db88ea7d6d8c30b24a3d9957bf434e16') in 0.020865 seconds
  Import took 0.022904 seconds .

========================================================================
Received Import Request.
  Time since last request: 0.000195 seconds.
  path: Assets/sprites/Beatz/Idle.png
  artifactKey: Guid(69ec5d7fc58f1f74fbbbd4b3c5380c69) Importer(815301076,1909f56bfc062723c751e8b465ee728b)
Start importing Assets/sprites/Beatz/Idle.png using Guid(69ec5d7fc58f1f74fbbbd4b3c5380c69) Importer(815301076,1909f56bfc062723c751e8b465ee728b)  -> (artifact id: '08d50809c281f6b54f4d1a71f5985189') in 0.033014 seconds
  Import took 0.035058 seconds .

========================================================================
Received Import Request.
  Time since last request: 0.000181 seconds.
  path: Assets/sprites/Beatz/SwingDownRight.png
  artifactKey: Guid(4a552abb5ae0f244f851602cff7a6f06) Importer(815301076,1909f56bfc062723c751e8b465ee728b)
Start importing Assets/sprites/Beatz/SwingDownRight.png using Guid(4a552abb5ae0f244f851602cff7a6f06) Importer(815301076,1909f56bfc062723c751e8b465ee728b)  -> (artifact id: 'fba7503e9c441ad9d60b39d887812f14') in 0.022924 seconds
  Import took 0.024737 seconds .

